{"C:\\Users\\mgjam\\Dev\\NodeJs\\Modules\\failable-result\\build\\FailureResult.js":{"path":"C:\\Users\\mgjam\\Dev\\NodeJs\\Modules\\failable-result\\build\\FailureResult.js","s":{"1":1,"2":1,"3":1,"4":1,"5":1,"6":1,"7":1,"8":1,"9":1,"10":1},"b":{},"f":{"1":1,"2":1,"3":1,"4":1},"fnMap":{"1":{"name":"(anonymous_1)","line":4,"loc":{"start":{"line":4,"column":35},"end":{"line":4,"column":47}}},"2":{"name":"FailureResult","line":5,"loc":{"start":{"line":5,"column":4},"end":{"line":5,"column":36}}},"3":{"name":"(anonymous_3)","line":8,"loc":{"start":{"line":8,"column":27},"end":{"line":8,"column":46}}},"4":{"name":"(anonymous_4)","line":12,"loc":{"start":{"line":12,"column":37},"end":{"line":12,"column":69}}}},"statementMap":{"1":{"start":{"line":2,"column":0},"end":{"line":2,"column":62}},"2":{"start":{"line":4,"column":0},"end":{"line":16,"column":5}},"3":{"start":{"line":5,"column":4},"end":{"line":7,"column":5}},"4":{"start":{"line":6,"column":8},"end":{"line":6,"column":31}},"5":{"start":{"line":8,"column":4},"end":{"line":10,"column":6}},"6":{"start":{"line":9,"column":8},"end":{"line":9,"column":42}},"7":{"start":{"line":12,"column":4},"end":{"line":14,"column":6}},"8":{"start":{"line":13,"column":8},"end":{"line":13,"column":39}},"9":{"start":{"line":15,"column":4},"end":{"line":15,"column":25}},"10":{"start":{"line":17,"column":0},"end":{"line":17,"column":38}}},"branchMap":{}},"C:\\Users\\mgjam\\Dev\\NodeJs\\Modules\\failable-result\\build\\SuccessResult.js":{"path":"C:\\Users\\mgjam\\Dev\\NodeJs\\Modules\\failable-result\\build\\SuccessResult.js","s":{"1":1,"2":1,"3":1,"4":1,"5":1,"6":1,"7":1,"8":1,"9":1,"10":1},"b":{},"f":{"1":1,"2":1,"3":1,"4":1},"fnMap":{"1":{"name":"(anonymous_1)","line":4,"loc":{"start":{"line":4,"column":35},"end":{"line":4,"column":47}}},"2":{"name":"SuccessResult","line":5,"loc":{"start":{"line":5,"column":4},"end":{"line":5,"column":35}}},"3":{"name":"(anonymous_3)","line":8,"loc":{"start":{"line":8,"column":27},"end":{"line":8,"column":45}}},"4":{"name":"(anonymous_4)","line":12,"loc":{"start":{"line":12,"column":37},"end":{"line":12,"column":69}}}},"statementMap":{"1":{"start":{"line":2,"column":0},"end":{"line":2,"column":62}},"2":{"start":{"line":4,"column":0},"end":{"line":16,"column":5}},"3":{"start":{"line":5,"column":4},"end":{"line":7,"column":5}},"4":{"start":{"line":6,"column":8},"end":{"line":6,"column":29}},"5":{"start":{"line":8,"column":4},"end":{"line":10,"column":6}},"6":{"start":{"line":9,"column":8},"end":{"line":9,"column":41}},"7":{"start":{"line":12,"column":4},"end":{"line":14,"column":6}},"8":{"start":{"line":13,"column":8},"end":{"line":13,"column":38}},"9":{"start":{"line":15,"column":4},"end":{"line":15,"column":25}},"10":{"start":{"line":17,"column":0},"end":{"line":17,"column":38}}},"branchMap":{}}}