{"C:\\Users\\milan\\Dev\\nodejs-modules-failable-result\\build\\index.js":{"path":"C:\\Users\\milan\\Dev\\nodejs-modules-failable-result\\build\\index.js","s":{"1":1,"2":1,"3":1,"4":1,"5":1,"6":1,"7":1,"8":1,"9":1,"10":1,"11":1,"12":1,"13":1,"14":1,"15":1,"16":1,"17":1,"18":1,"19":1},"b":{},"f":{"1":1,"2":1,"3":1,"4":1,"5":1,"6":1,"7":1,"8":1},"fnMap":{"1":{"name":"(anonymous_1)","line":3,"loc":{"start":{"line":3,"column":35},"end":{"line":3,"column":47}}},"2":{"name":"FailureResult","line":4,"loc":{"start":{"line":4,"column":4},"end":{"line":4,"column":36}}},"3":{"name":"(anonymous_3)","line":7,"loc":{"start":{"line":7,"column":37},"end":{"line":7,"column":69}}},"4":{"name":"(anonymous_4)","line":12,"loc":{"start":{"line":12,"column":35},"end":{"line":12,"column":47}}},"5":{"name":"SuccessResult","line":13,"loc":{"start":{"line":13,"column":4},"end":{"line":13,"column":35}}},"6":{"name":"(anonymous_6)","line":16,"loc":{"start":{"line":16,"column":37},"end":{"line":16,"column":69}}},"7":{"name":"(anonymous_7)","line":21,"loc":{"start":{"line":21,"column":19},"end":{"line":21,"column":37}}},"8":{"name":"(anonymous_8)","line":25,"loc":{"start":{"line":25,"column":20},"end":{"line":25,"column":39}}}},"statementMap":{"1":{"start":{"line":2,"column":0},"end":{"line":2,"column":62}},"2":{"start":{"line":3,"column":0},"end":{"line":11,"column":5}},"3":{"start":{"line":4,"column":4},"end":{"line":6,"column":5}},"4":{"start":{"line":5,"column":8},"end":{"line":5,"column":31}},"5":{"start":{"line":7,"column":4},"end":{"line":9,"column":6}},"6":{"start":{"line":8,"column":8},"end":{"line":8,"column":39}},"7":{"start":{"line":10,"column":4},"end":{"line":10,"column":25}},"8":{"start":{"line":12,"column":0},"end":{"line":20,"column":5}},"9":{"start":{"line":13,"column":4},"end":{"line":15,"column":5}},"10":{"start":{"line":14,"column":8},"end":{"line":14,"column":29}},"11":{"start":{"line":16,"column":4},"end":{"line":18,"column":6}},"12":{"start":{"line":17,"column":8},"end":{"line":17,"column":38}},"13":{"start":{"line":19,"column":4},"end":{"line":19,"column":25}},"14":{"start":{"line":21,"column":0},"end":{"line":23,"column":2}},"15":{"start":{"line":22,"column":4},"end":{"line":22,"column":37}},"16":{"start":{"line":24,"column":0},"end":{"line":24,"column":36}},"17":{"start":{"line":25,"column":0},"end":{"line":27,"column":2}},"18":{"start":{"line":26,"column":4},"end":{"line":26,"column":38}},"19":{"start":{"line":28,"column":0},"end":{"line":28,"column":38}}},"branchMap":{}}}