TN:
SF:C:\Users\milan\Dev\nodejs-modules-failable-result\build\index.js
FN:3,(anonymous_1)
FN:4,FailureResult
FN:7,(anonymous_3)
FN:12,(anonymous_4)
FN:13,SuccessResult
FN:16,(anonymous_6)
FN:21,(anonymous_7)
FN:25,(anonymous_8)
FNF:8
FNH:8
FNDA:1,(anonymous_1)
FNDA:1,FailureResult
FNDA:1,(anonymous_3)
FNDA:1,(anonymous_4)
FNDA:1,SuccessResult
FNDA:1,(anonymous_6)
FNDA:1,(anonymous_7)
FNDA:1,(anonymous_8)
DA:2,1
DA:3,1
DA:4,1
DA:5,1
DA:7,1
DA:8,1
DA:10,1
DA:12,1
DA:13,1
DA:14,1
DA:16,1
DA:17,1
DA:19,1
DA:21,1
DA:22,1
DA:24,1
DA:25,1
DA:26,1
DA:28,1
LF:19
LH:19
BRF:0
BRH:0
end_of_record
